14:27:43.207 [main] INFO  org.springframework.test.context.support.AnnotationConfigContextLoaderUtils:83 - Could not detect default configuration classes for test class [cn.datawisher.cyder.mybatisplus.crud.CrudTest]: CrudTest does not declare any static, non-private, non-final, nested classes annotated with @Configuration.
14:27:43.356 [main] INFO  org.springframework.boot.test.context.SpringBootTestContextBootstrapper:248 - Found @SpringBootConfiguration cn.datawisher.cyder.CyderApplication for test class cn.datawisher.cyder.mybatisplus.crud.CrudTest
14:27:43.883 [main] INFO  cn.datawisher.cyder.mybatisplus.crud.CrudTest:51 - Starting CrudTest using Java 17.0.6 with PID 20348 (started by Jim in D:\IdeaProjects\panorama\cyder\cyder-server)
14:27:43.891 [main] INFO  cn.datawisher.cyder.mybatisplus.crud.CrudTest:632 - No active profile set, falling back to 1 default profile: "default"
14:27:46.115 [main] INFO  cn.datawisher.cyder.mybatisplus.crud.CrudTest:57 - Started CrudTest in 2.566 seconds (process running for 4.202)
14:27:46.117 [main] INFO  cn.datawisher.cyder.CyderApplication:23 -  ========= Cyder 服务启动成功 ===========
14:27:46.784 [main] INFO  com.zaxxer.hikari.HikariDataSource:110 - HikariPool-1 - Starting...
14:27:47.346 [main] INFO  com.zaxxer.hikari.pool.HikariPool:565 - HikariPool-1 - Added connection com.mysql.cj.jdbc.ConnectionImpl@3ad2883a
14:27:47.349 [main] INFO  com.zaxxer.hikari.HikariDataSource:123 - HikariPool-1 - Start completed.
14:27:47.417 [SpringApplicationShutdownHook] INFO  com.zaxxer.hikari.HikariDataSource:350 - HikariPool-1 - Shutdown initiated...
14:27:47.423 [SpringApplicationShutdownHook] INFO  com.zaxxer.hikari.HikariDataSource:352 - HikariPool-1 - Shutdown completed.
14:28:21.724 [main] INFO  org.springframework.test.context.support.AnnotationConfigContextLoaderUtils:83 - Could not detect default configuration classes for test class [cn.datawisher.cyder.mybatisplus.crud.CrudTest]: CrudTest does not declare any static, non-private, non-final, nested classes annotated with @Configuration.
14:28:21.884 [main] INFO  org.springframework.boot.test.context.SpringBootTestContextBootstrapper:248 - Found @SpringBootConfiguration cn.datawisher.cyder.CyderApplication for test class cn.datawisher.cyder.mybatisplus.crud.CrudTest
14:28:22.448 [main] INFO  cn.datawisher.cyder.mybatisplus.crud.CrudTest:51 - Starting CrudTest using Java 17.0.6 with PID 20588 (started by Jim in D:\IdeaProjects\panorama\cyder\cyder-server)
14:28:22.454 [main] INFO  cn.datawisher.cyder.mybatisplus.crud.CrudTest:632 - No active profile set, falling back to 1 default profile: "default"
14:28:24.956 [main] INFO  cn.datawisher.cyder.mybatisplus.crud.CrudTest:57 - Started CrudTest in 2.891 seconds (process running for 4.601)
14:28:24.959 [main] INFO  cn.datawisher.cyder.CyderApplication:23 -  ========= Cyder 服务启动成功 ===========
14:28:25.695 [main] WARN  com.baomidou.mybatisplus.core.toolkit.support.ReflectLambdaMeta:41 - Unable to make field private final java.lang.Class java.lang.invoke.SerializedLambda.capturingClass accessible: module java.base does not "opens java.lang.invoke" to unnamed module @1794d431
14:28:25.769 [main] INFO  com.zaxxer.hikari.HikariDataSource:110 - HikariPool-1 - Starting...
14:28:26.682 [main] INFO  com.zaxxer.hikari.pool.HikariPool:565 - HikariPool-1 - Added connection com.mysql.cj.jdbc.ConnectionImpl@6cfd08e9
14:28:26.685 [main] INFO  com.zaxxer.hikari.HikariDataSource:123 - HikariPool-1 - Start completed.
14:28:26.762 [SpringApplicationShutdownHook] INFO  com.zaxxer.hikari.HikariDataSource:350 - HikariPool-1 - Shutdown initiated...
14:28:26.793 [SpringApplicationShutdownHook] INFO  com.zaxxer.hikari.HikariDataSource:352 - HikariPool-1 - Shutdown completed.
14:28:59.049 [main] INFO  org.springframework.test.context.support.AnnotationConfigContextLoaderUtils:83 - Could not detect default configuration classes for test class [cn.datawisher.cyder.mybatisplus.crud.CrudTest]: CrudTest does not declare any static, non-private, non-final, nested classes annotated with @Configuration.
14:28:59.219 [main] INFO  org.springframework.boot.test.context.SpringBootTestContextBootstrapper:248 - Found @SpringBootConfiguration cn.datawisher.cyder.CyderApplication for test class cn.datawisher.cyder.mybatisplus.crud.CrudTest
14:28:59.952 [main] INFO  cn.datawisher.cyder.mybatisplus.crud.CrudTest:51 - Starting CrudTest using Java 17.0.6 with PID 16168 (started by Jim in D:\IdeaProjects\panorama\cyder\cyder-server)
14:28:59.960 [main] INFO  cn.datawisher.cyder.mybatisplus.crud.CrudTest:632 - No active profile set, falling back to 1 default profile: "default"
14:29:02.765 [main] INFO  cn.datawisher.cyder.mybatisplus.crud.CrudTest:57 - Started CrudTest in 3.306 seconds (process running for 5.335)
14:29:02.768 [main] INFO  cn.datawisher.cyder.CyderApplication:23 -  ========= Cyder 服务启动成功 ===========
14:29:03.504 [main] WARN  com.baomidou.mybatisplus.core.toolkit.support.ReflectLambdaMeta:41 - Unable to make field private final java.lang.Class java.lang.invoke.SerializedLambda.capturingClass accessible: module java.base does not "opens java.lang.invoke" to unnamed module @42dafa95
14:29:03.661 [main] INFO  com.zaxxer.hikari.HikariDataSource:110 - HikariPool-1 - Starting...
14:29:04.358 [main] INFO  com.zaxxer.hikari.pool.HikariPool:565 - HikariPool-1 - Added connection com.mysql.cj.jdbc.ConnectionImpl@7b795db7
14:29:04.362 [main] INFO  com.zaxxer.hikari.HikariDataSource:123 - HikariPool-1 - Start completed.
14:29:04.460 [SpringApplicationShutdownHook] INFO  com.zaxxer.hikari.HikariDataSource:350 - HikariPool-1 - Shutdown initiated...
14:29:04.469 [SpringApplicationShutdownHook] INFO  com.zaxxer.hikari.HikariDataSource:352 - HikariPool-1 - Shutdown completed.
